{
  "RSpec": {
    "coverage": {
      "/home/modern-prompt-0440/tic-tac-toe-rb-ruby-intro-000/lib/tic_tac_toe.rb": [
        null,
        1,
        null,
        null,
        null,
        null,
        null,
        null,
        null,
        null,
        null,
        1,
        21,
        21,
        21,
        21,
        21,
        null,
        null,
        null,
        1,
        19,
        null,
        null,
        1,
        18,
        null,
        null,
        1,
        0,
        0,
        null,
        0,
        null,
        null,
        null,
        null,
        1,
        19,
        16,
        null,
        3,
        null,
        null,
        null,
        1,
        16,
        16,
        16,
        16,
        1,
        null,
        15,
        null,
        16,
        null,
        null,
        1,
        15,
        15,
        135,
        26,
        null,
        null,
        15,
        null,
        null,
        1,
        14,
        null,
        null,
        1,
        152,
        null,
        null,
        null,
        1,
        null,
        null,
        null,
        null,
        null,
        null,
        null,
        null,
        null,
        1,
        67,
        307,
        307,
        307,
        null,
        307,
        307,
        307,
        null,
        307,
        44,
        null,
        null,
        23,
        null,
        null,
        1,
        96,
        13,
        null,
        6,
        null,
        null,
        null,
        1,
        19,
        5,
        null,
        14,
        null,
        null,
        null,
        1,
        17,
        10,
        null,
        7,
        null,
        null,
        null,
        1,
        14,
        13,
        null,
        null,
        null,
        1,
        12,
        13,
        13,
        null,
        12,
        6,
        6,
        null,
        6,
        null,
        null
      ]
    },
    "timestamp": 1593913409
  }
}
