{
  "RSpec": {
    "coverage": {
      "/home/modern-prompt-0440/tic-tac-toe-rb-ruby-intro-000/lib/tic_tac_toe.rb": [
        null,
        1,
        null,
        null,
        null,
        null,
        null,
        null,
        null,
        null,
        null,
        1,
        20,
        20,
        20,
        20,
        20,
        null,
        null,
        null,
        1,
        956,
        null,
        null,
        1,
        17,
        null,
        null,
        1,
        0,
        0,
        null,
        0,
        null,
        null,
        null,
        null,
        1,
        956,
        15,
        null,
        941,
        null,
        null,
        null,
        1,
        954,
        953,
        953,
        953,
        939,
        null,
        14,
        null,
        15,
        null,
        null,
        1,
        2,
        2,
        18,
        5,
        null,
        null,
        2,
        null,
        null,
        1,
        1,
        null,
        null,
        1,
        1194,
        null,
        null,
        null,
        1,
        null,
        null,
        null,
        null,
        null,
        null,
        null,
        null,
        null,
        1,
        63,
        454,
        454,
        454,
        null,
        454,
        454,
        454,
        null,
        454,
        16,
        null,
        null,
        47,
        null,
        null,
        1,
        99,
        28,
        null,
        4,
        null,
        null,
        null,
        1,
        27,
        3,
        null,
        24,
        null,
        null,
        null,
        1,
        12,
        4,
        null,
        8,
        null,
        null,
        null,
        1,
        5,
        4,
        null,
        null,
        null,
        1,
        12,
        7,
        13,
        null,
        6,
        2,
        2,
        null,
        4,
        null,
        null
      ]
    },
    "timestamp": 1593914244
  }
}
